<?xml version="1.0" encoding="UTF-8" standalone="no"?>
<testsuite failures="0" name="cucumber.runtime.formatter.JUnitFormatter" skipped="0" tests="1" time="5.44406">
<testcase classname="UnionAcceptance" name="Two elements, both unique, distinct" time="5.44406">
<system-out><![CDATA[Given an empty graph........................................................passed
When executing query:.......................................................passed
Then the result should be:..................................................passed
And no side effects.........................................................passed
]]></system-out>
</testcase>
</testsuite>
