<?xml version="1.0" encoding="UTF-8" standalone="no"?>
<testsuite failures="0" name="cucumber.runtime.formatter.JUnitFormatter" skipped="0" tests="1" time="6.353581">
<testcase classname="Create" name="`toBoolean()` on valid literal string" time="6.353581">
<system-out><![CDATA[Given any graph.............................................................passed
When executing query:.......................................................passed
Then the result should be:..................................................passed
And no side effects.........................................................passed
]]></system-out>
</testcase>
</testsuite>
