<?xml version="1.0" encoding="UTF-8" standalone="no"?>
<testsuite failures="0" name="cucumber.runtime.formatter.JUnitFormatter" skipped="0" tests="1" time="39.01756">
<testcase classname="Create" name="Creating a node" time="39.01756">
<system-out><![CDATA[Given any graph.............................................................passed
When executing query:.......................................................passed
Then the result should be empty.............................................passed
And the side effects should be:.............................................passed
]]></system-out>
</testcase>
</testsuite>
