<?xml version="1.0" encoding="UTF-8"?>
<testsuite name="steps.TestRunner" tests="0" skipped="0" failures="0" errors="0" timestamp="1970-01-01T00:00:00" hostname="zsamboki-HP" time="0.0">
  <properties/>
  <system-out><![CDATA[Feature: Create
current> []
new....> [Record<{count: 0}>]
current> []
new....> [Record<{count: 0}>]
current> []
new....> [Record<{count: 0}>]
current> []
new....> [Record<{count: 0}>]
current> [Record<{count: 0}>]
new....> [Record<{count: 1}>]
current> [Record<{count: 0}>]
new....> [Record<{count: 0}>]
current> [Record<{count: 0}>]
new....> [Record<{count: 0}>]
current> [Record<{count: 0}>]
new....> [Record<{count: 1}>]

  Scenario: Creating a node         # features/Create.feature:3
    Given any graph                 # CreateStepDefinitions.scala:14
    When executing query:           # CreateStepDefinitions.scala:18
      """
       CREATE (n {prop: 'foo'})
       RETURN n.prop AS p
      """
    Then the result should be empty # CreateStepDefinitions.scala:21
    And the side effects should be: # CreateStepDefinitions.scala:24

1 Scenarios (1 passed)
4 Steps (4 passed)
0m39.018s

]]></system-out>
  <system-err><![CDATA[]]></system-err>
</testsuite>
