<?xml version="1.0" encoding="UTF-8"?>
<testsuite name="Scenario: Adding four numbers" tests="4" skipped="0" failures="0" errors="0" timestamp="2017-02-23T18:02:56" hostname="zsamboki-HP" time="0.026">
  <properties/>
  <testcase name="Given calculator is running" classname="Scenario: Adding four numbers" time="0.001"/>
  <testcase name="When Equation: 5 + 4 + 3 + 2 = 2" classname="Scenario: Adding four numbers" time="0.0"/>
  <testcase name="Then result should be false" classname="Scenario: Adding four numbers" time="0.0"/>
  <testcase name="classMethod" classname="Scenario: Adding four numbers" time="0.173"/>
  <system-out><![CDATA[]]></system-out>
  <system-err><![CDATA[]]></system-err>
</testsuite>
