<?xml version="1.0" encoding="UTF-8"?>
<testsuite name="steps.TestRunner" tests="0" skipped="0" failures="0" errors="0" timestamp="1970-01-01T00:00:00" hostname="zsamboki-HP" time="0.0">
  <properties/>
  <system-out><![CDATA[Feature: Create
current> []
new....> []
current> []
new....> []
summary : null
current> []
new....> [Record<{n: node<0>}>]
1
0

  Scenario: Creating a node         # features/Create.feature:3
    Given any graph                 # CreateStepDefinitions.scala:17
    When executing query:           # CreateStepDefinitions.scala:21
      """
      CREATE ()
      """
    Then the result should be empty # CreateStepDefinitions.scala:31
    And the side effects should be: # CreateStepDefinitions.scala:34

1 Scenarios (1 passed)
4 Steps (4 passed)
0m4.287s

]]></system-out>
  <system-err><![CDATA[]]></system-err>
</testsuite>
