<?xml version="1.0" encoding="UTF-8"?>
<testsuite name="Scenario: Creating a node" tests="5" skipped="0" failures="0" errors="0" timestamp="2017-03-01T16:12:31" hostname="zsamboki-HP" time="3.009">
  <properties/>
  <testcase name="Given any graph" classname="Scenario: Creating a node" time="0.001"/>
  <testcase name="When executing query:" classname="Scenario: Creating a node" time="0.0"/>
  <testcase name="Then the result should be empty" classname="Scenario: Creating a node" time="0.0"/>
  <testcase name="And the side effects should be:" classname="Scenario: Creating a node" time="0.0"/>
  <testcase name="classMethod" classname="Scenario: Creating a node" time="5.186"/>
  <system-out><![CDATA[]]></system-out>
  <system-err><![CDATA[]]></system-err>
</testsuite>
