<?xml version="1.0" encoding="UTF-8"?>
<testsuite name="Scenario: Subtracting 3 numbers" tests="8" skipped="0" failures="0" errors="0" timestamp="2017-02-23T18:02:57" hostname="zsamboki-HP" time="0.027">
  <properties/>
  <testcase name="Given calculator is running" classname="Scenario: Subtracting 3 numbers" time="0.001"/>
  <testcase name="When Equation: 5 - 4 - 1 = 0" classname="Scenario: Subtracting 3 numbers" time="0.0"/>
  <testcase name="Then result should be true" classname="Scenario: Subtracting 3 numbers" time="0.0"/>
  <testcase name="classMethod" classname="Scenario: Subtracting 3 numbers" time="0.015"/>
  <testcase name="Given calculator is running" classname="Scenario: Subtracting 3 numbers" time="0.0"/>
  <testcase name="When Equation: 5 - 4 - 4 = 1" classname="Scenario: Subtracting 3 numbers" time="0.0"/>
  <testcase name="Then result should be false" classname="Scenario: Subtracting 3 numbers" time="0.0"/>
  <testcase name="classMethod" classname="Scenario: Subtracting 3 numbers" time="0.02"/>
  <system-out><![CDATA[
  @must-have
  Scenario: Adding four numbers      # features/Calc.feature:4
    Given calculator is running      # StepDefinitions.scala:13
    When Equation: 5 + 4 + 3 + 2 = 2 # StepDefinitions.scala:17
    Then result should be false      # StepDefinitions.scala:21

  @must-have
  Scenario: Subtracting 3 numbers # features/Calc.feature:10
    Given calculator is running   # StepDefinitions.scala:13
    When Equation: 5 - 4 - 1 = 0  # StepDefinitions.scala:17
    Then result should be true    # StepDefinitions.scala:24
]]></system-out>
  <system-err><![CDATA[]]></system-err>
</testsuite>
