<?xml version="1.0" encoding="UTF-8"?>
<testsuite name="Scenario: Support multiple divisions in aggregate function" tests="6" skipped="5" failures="0" errors="0" timestamp="2017-02-23T17:40:25" hostname="zsamboki-HP" time="0.052">
  <properties/>
  <testcase name="Given an empty graph" classname="Scenario: Support multiple divisions in aggregate function" time="0.0">
    <skipped/>
  </testcase>
  <testcase name="And having executed:" classname="Scenario: Support multiple divisions in aggregate function" time="0.0">
    <skipped/>
  </testcase>
  <testcase name="When executing query:" classname="Scenario: Support multiple divisions in aggregate function" time="0.0">
    <skipped/>
  </testcase>
  <testcase name="Then the result should be:" classname="Scenario: Support multiple divisions in aggregate function" time="0.0">
    <skipped/>
  </testcase>
  <testcase name="And no side effects" classname="Scenario: Support multiple divisions in aggregate function" time="0.0">
    <skipped/>
  </testcase>
  <testcase name="classMethod" classname="Scenario: Support multiple divisions in aggregate function" time="0.078"/>
  <system-out><![CDATA[]]></system-out>
  <system-err><![CDATA[]]></system-err>
</testsuite>
